[debug] [2024-10-14T07:11:07.412Z] ----------------------------------------------------------------------
[debug] [2024-10-14T07:11:07.419Z] Command:       C:\Program Files\nodejs\node.exe C:\Users\HP\AppData\Roaming\npm\node_modules\firebase-tools\lib\bin\firebase.js init hosting
[debug] [2024-10-14T07:11:07.420Z] CLI Version:   13.22.0
[debug] [2024-10-14T07:11:07.420Z] Platform:      win32
[debug] [2024-10-14T07:11:07.420Z] Node Version:  v20.18.0
[debug] [2024-10-14T07:11:07.420Z] Time:          Mon Oct 14 2024 12:41:07 GMT+0530 (India Standard Time)
[debug] [2024-10-14T07:11:07.420Z] ----------------------------------------------------------------------
[debug] 
[debug] [2024-10-14T07:11:07.435Z] > command requires scopes: ["email","openid","https://www.googleapis.com/auth/cloudplatformprojects.readonly","https://www.googleapis.com/auth/firebase","https://www.googleapis.com/auth/cloud-platform"]
[debug] [2024-10-14T07:11:07.436Z] > authorizing via signed-in user (iamvignesh1274@gmail.com)
[info] 
     ######## #### ########  ######## ########     ###     ######  ########
     ##        ##  ##     ## ##       ##     ##  ##   ##  ##       ##
     ######    ##  ########  ######   ########  #########  ######  ######
     ##        ##  ##    ##  ##       ##     ## ##     ##       ## ##
     ##       #### ##     ## ######## ########  ##     ##  ######  ########

You're about to initialize a Firebase project in this directory:

  C:\Users\HP\Desktop\trataai1

[info] 
=== Project Setup
[info] 
[info] First, let's associate this project directory with a Firebase project.
[info] You can create multiple project aliases by running firebase use --add, 
[info] but for now we'll just set up a default project.
[info] 
[debug] [2024-10-14T07:11:17.593Z] Checked if tokens are valid: true, expires at: 1728892789575
[debug] [2024-10-14T07:11:17.594Z] Checked if tokens are valid: true, expires at: 1728892789575
[debug] [2024-10-14T07:11:17.598Z] >>> [apiv2][query] GET https://firebase.googleapis.com/v1beta1/projects pageSize=100
[debug] [2024-10-14T07:11:19.339Z] <<< [apiv2][status] GET https://firebase.googleapis.com/v1beta1/projects 200
[debug] [2024-10-14T07:11:19.340Z] <<< [apiv2][body] GET https://firebase.googleapis.com/v1beta1/projects [omitted]
[info] i  Using project trataai (Trataai) 
[info] 
=== Hosting Setup
[debug] [2024-10-14T07:11:23.919Z] Checked if tokens are valid: true, expires at: 1728892789575
[debug] [2024-10-14T07:11:23.919Z] Checked if tokens are valid: true, expires at: 1728892789575
[debug] [2024-10-14T07:11:23.920Z] >>> [apiv2][query] GET https://firebase.googleapis.com/v1beta1/projects/trataai [none]
[debug] [2024-10-14T07:11:24.323Z] <<< [apiv2][status] GET https://firebase.googleapis.com/v1beta1/projects/trataai 200
[debug] [2024-10-14T07:11:24.324Z] <<< [apiv2][body] GET https://firebase.googleapis.com/v1beta1/projects/trataai {"projectId":"trataai","projectNumber":"412011502403","displayName":"Trataai","name":"projects/trataai","resources":{"hostingSite":"trataai"},"state":"ACTIVE","etag":"1_54b03a6c-d860-41e8-87cf-71280e4c8bbe"}
[info] 
[info] Your public directory is the folder (relative to your project directory) that
[info] will contain Hosting assets to be uploaded with firebase deploy. If you
[info] have a build process for your assets, use your build's output directory.
[info] 
[info] +  Wrote y/404.html 
[debug] [2024-10-14T07:11:42.944Z] >>> [apiv2][query] GET https://www.gstatic.com/firebasejs/releases.json [none]
[debug] [2024-10-14T07:11:43.271Z] <<< [apiv2][status] GET https://www.gstatic.com/firebasejs/releases.json 200
[debug] [2024-10-14T07:11:43.272Z] <<< [apiv2][body] GET https://www.gstatic.com/firebasejs/releases.json {"current":{"version":"10.14.1","browserURL":"https://www.gstatic.com/firebasejs/10.14.1/firebase.js","packageURL":"https://www.gstatic.com/firebasejs/10.14.1/firebase.tgz"},"live":{"version":"10.14","browserURL":"https://www.gstatic.com/firebasejs/live/10.14/firebase.js","packageURL":"https://www.gstatic.com/firebasejs/live/10.14/firebase.tgz"},"components":{"analytics":"https://www.gstatic.com/firebasejs/10.14.1/firebase-analytics.js","app":"https://www.gstatic.com/firebasejs/10.14.1/firebase-app.js","app-check":"https://www.gstatic.com/firebasejs/10.14.1/firebase-app-check.js","auth":"https://www.gstatic.com/firebasejs/10.14.1/firebase-auth.js","auth/cordova":"https://www.gstatic.com/firebasejs/10.14.1/firebase-auth/cordova.js","auth/web-extension":"https://www.gstatic.com/firebasejs/10.14.1/firebase-auth/web-extension.js","functions":"https://www.gstatic.com/firebasejs/10.14.1/firebase-functions.js","firestore":"https://www.gstatic.com/firebasejs/10.14.1/firebase-firestore.js","firestore/lite":"https://www.gstatic.com/firebasejs/10.14.1/firebase-firestore/lite.js","installations":"https://www.gstatic.com/firebasejs/10.14.1/firebase-installations.js","storage":"https://www.gstatic.com/firebasejs/10.14.1/firebase-storage.js","performance":"https://www.gstatic.com/firebasejs/10.14.1/firebase-performance.js","remote-config":"https://www.gstatic.com/firebasejs/10.14.1/firebase-remote-config.js","messaging":"https://www.gstatic.com/firebasejs/10.14.1/firebase-messaging.js","messaging/sw":"https://www.gstatic.com/firebasejs/10.14.1/firebase-messaging/sw.js","database":"https://www.gstatic.com/firebasejs/10.14.1/firebase-database.js","data-connect":"https://www.gstatic.com/firebasejs/10.14.1/firebase-data-connect.js","vertexai-preview":"https://www.gstatic.com/firebasejs/10.14.1/firebase-vertexai-preview.js","firestore.memory":"https://www.gstatic.com/firebasejs/10.14.1/firebase-firestore.memory.js"}}
[info] +  Wrote y/index.html 
[info] 
[info] i  Didn't detect a .git folder. Assuming C:\Users\HP\Desktop\trataai1 is the project root. 
[info] i  Authorizing with GitHub to upload your service account to a GitHub repository's secrets store. 
[info] 
[info] Visit this URL on this device to log in:
[info] https://github.com/login/oauth/authorize?client_id=89cf50f02ac6aaed3484&state=532457334&redirect_uri=http%3A%2F%2Flocalhost%3A9005&scope=read%3Auser%20repo%20public_repo
[info] 
[info] Waiting for authentication...
